{
  "RSpec": {
    "coverage": {
      "/Users/Julia/Desktop/Red-Sweater-Project-Rails/spec/features/navigation_pages_spec.rb": [
        1,
        null,
        1,
        1,
        1,
        1,
        1,
        null,
        1,
        1,
        1,
        1,
        null,
        1,
        1,
        1,
        1,
        1,
        null,
        1,
        null,
        null,
        null
      ],
      "/Users/Julia/Desktop/Red-Sweater-Project-Rails/spec/features/student_pages_spec.rb": [
        1,
        null,
        1,
        1,
        1,
        1,
        1,
        null,
        1,
        1,
        1,
        1,
        1,
        1,
        1,
        1,
        1,
        1,
        1,
        1,
        1,
        1,
        1,
        null,
        1,
        1,
        1,
        1,
        1,
        1,
        1,
        1,
        1,
        1,
        1,
        1,
        1,
        null,
        null
      ],
      "/Users/Julia/Desktop/Red-Sweater-Project-Rails/spec/features/user_pages_spec.rb": [
        1,
        null,
        1,
        1,
        1,
        1,
        1,
        1,
        1,
        1,
        1,
        null,
        1,
        1,
        1,
        1,
        1,
        1,
        1,
        1,
        1,
        1,
        1,
        1,
        1,
        1,
        null,
        1,
        1,
        1,
        1,
        1,
        1,
        1,
        1,
        null,
        1,
        1,
        1,
        1,
        1,
        1,
        1,
        1,
        1,
        1,
        null,
        null
      ],
      "/Users/Julia/Desktop/Red-Sweater-Project-Rails/spec/mailers/newsletter_signup_spec.rb": [
        null,
        null,
        null,
        null,
        null,
        null,
        null,
        null,
        null,
        null,
        null,
        null,
        null,
        null
      ],
      "/Users/Julia/Desktop/Red-Sweater-Project-Rails/spec/mailers/user_signup_spec.rb": [
        null,
        null,
        null,
        null,
        null,
        null,
        null,
        null,
        null,
        null,
        null,
        null,
        null,
        null
      ],
      "/Users/Julia/Desktop/Red-Sweater-Project-Rails/spec/models/event_spec.rb": [
        1,
        null,
        1,
        2,
        2,
        null
      ],
      "/Users/Julia/Desktop/Red-Sweater-Project-Rails/spec/models/position_spec.rb": [
        1,
        null,
        null,
        1,
        2,
        2,
        2,
        2,
        null,
        null
      ],
      "/Users/Julia/Desktop/Red-Sweater-Project-Rails/spec/models/student_spec.rb": [
        1,
        null,
        1,
        2,
        null,
        null
      ],
      "/Users/Julia/Desktop/Red-Sweater-Project-Rails/spec/models/user_spec.rb": [
        1,
        null,
        1,
        1,
        1,
        1,
        1,
        1,
        null,
        null,
        null
      ],
      "/Users/Julia/Desktop/Red-Sweater-Project-Rails/spec/models/volunteer_spec.rb": [
        1,
        null,
        1,
        2,
        null
      ]
    },
    "timestamp": 1475265736
  }
}
